<?xml version="1.0" encoding="utf-8"?><testsuites name="pytest tests"><testsuite name="pytest" errors="0" failures="0" skipped="0" tests="15" time="1.312" timestamp="2026-03-23T09:42:33.098863+00:00" hostname="agent-env-dd1d819a-216e-4441-9bbb-68c721c10e1f"><testcase classname="tests.test_iteration24_pinnwand_groups.TestAuth" name="test_login_success" time="0.533" /><testcase classname="tests.test_iteration24_pinnwand_groups.TestCategoriesPinnwand" name="test_get_categories" time="0.046" /><testcase classname="tests.test_iteration24_pinnwand_groups.TestCategoriesPinnwand" name="test_create_pinnwand_category" time="0.062" /><testcase classname="tests.test_iteration24_pinnwand_groups.TestCategoriesPinnwand" name="test_get_pinnwand_articles_endpoint" time="0.050" /><testcase classname="tests.test_iteration24_pinnwand_groups.TestCategoriesPinnwand" name="test_update_category_pinnwand_flag" time="0.046" /><testcase classname="tests.test_iteration24_pinnwand_groups.TestCategoriesPinnwand" name="test_cleanup_test_category" time="0.046" /><testcase classname="tests.test_iteration24_pinnwand_groups.TestGroupsMention" name="test_groups_search_mention_endpoint" time="0.061" /><testcase classname="tests.test_iteration24_pinnwand_groups.TestGroupsMention" name="test_groups_search_mention_with_query" time="0.048" /><testcase classname="tests.test_iteration24_pinnwand_groups.TestGroupsMention" name="test_groups_search_mention_returns_member_count" time="0.047" /><testcase classname="tests.test_iteration24_pinnwand_groups.TestStatsEndpoint" name="test_stats_endpoint" time="0.066" /><testcase classname="tests.test_iteration24_pinnwand_groups.TestStatsEndpoint" name="test_stats_has_favorite_articles" time="0.057" /><testcase classname="tests.test_iteration24_pinnwand_groups.TestStatsEndpoint" name="test_stats_has_recently_viewed" time="0.060" /><testcase classname="tests.test_iteration24_pinnwand_groups.TestStatsEndpoint" name="test_stats_has_recent_articles" time="0.059" /><testcase classname="tests.test_iteration24_pinnwand_groups.TestDocumentsFolderFilter" name="test_get_documents" time="0.045" /><testcase classname="tests.test_iteration24_pinnwand_groups.TestDocumentsFolderFilter" name="test_get_document_folders" time="0.046" /></testsuite></testsuites>