<?xml version="1.0" encoding="utf-8"?><testsuites name="pytest tests"><testsuite name="pytest" errors="0" failures="0" skipped="0" tests="9" time="4.547" timestamp="2026-03-19T07:46:47.661368+00:00" hostname="agent-env-7050ec0c-1a0f-444a-90ce-3d2ad9e22b04"><testcase classname="backend.tests.test_iteration23_editor_features.TestMultiImageUploadAPI" name="test_upload_multiple_images_success" time="0.708" /><testcase classname="backend.tests.test_iteration23_editor_features.TestMultiImageUploadAPI" name="test_upload_multiple_creates_bilder_folder" time="0.478" /><testcase classname="backend.tests.test_iteration23_editor_features.TestMultiImageUploadAPI" name="test_upload_multiple_without_documents" time="0.392" /><testcase classname="backend.tests.test_iteration23_editor_features.TestMultiImageUploadAPI" name="test_upload_invalid_file_type" time="0.361" /><testcase classname="backend.tests.test_iteration23_editor_features.TestMultiImageUploadAPI" name="test_upload_mixed_valid_invalid" time="0.410" /><testcase classname="backend.tests.test_iteration23_editor_features.TestMultiImageUploadAPI" name="test_upload_requires_authentication" time="0.515" /><testcase classname="backend.tests.test_iteration23_editor_features.TestSingleImageUpload" name="test_single_image_upload" time="0.623" /><testcase classname="backend.tests.test_iteration23_editor_features.TestImageRetrieval" name="test_retrieve_uploaded_image" time="0.607" /><testcase classname="backend.tests.test_iteration23_editor_features.TestImageRetrieval" name="test_retrieve_nonexistent_image" time="0.433" /></testsuite></testsuites>