<?xml version="1.0" encoding="utf-8"?><testsuites name="pytest tests"><testsuite name="pytest" errors="0" failures="0" skipped="0" tests="5" time="1.861" timestamp="2026-03-27T16:01:46.361255+00:00" hostname="agent-env-978a6dfe-c752-4aef-870b-51b4d9ad22bd"><testcase classname="backend.tests.test_iteration38_features.TestUserGroupIds" name="test_get_users_returns_group_ids" time="0.433" /><testcase classname="backend.tests.test_iteration38_features.TestDocumentStoragePath" name="test_upload_document_saves_to_persistent_path" time="0.492" /><testcase classname="backend.tests.test_iteration38_features.TestDocumentStoragePath" name="test_document_file_path_not_in_tmp" time="0.440" /><testcase classname="backend.tests.test_iteration38_features.TestAuthEndpoints" name="test_login_success" time="0.346" /><testcase classname="backend.tests.test_iteration38_features.TestAuthEndpoints" name="test_login_invalid_credentials" time="0.130" /></testsuite></testsuites>