<?xml version="1.0" encoding="utf-8"?><testsuites name="pytest tests"><testsuite name="pytest" errors="0" failures="0" skipped="0" tests="15" time="1.389" timestamp="2026-03-30T10:12:14.947999+00:00" hostname="agent-env-978a6dfe-c752-4aef-870b-51b4d9ad22bd"><testcase classname="backend.tests.test_iteration39_widget.TestWidgetSearch" name="test_search_with_valid_query" time="0.140" /><testcase classname="backend.tests.test_iteration39_widget.TestWidgetSearch" name="test_search_with_short_query" time="0.100" /><testcase classname="backend.tests.test_iteration39_widget.TestWidgetSearch" name="test_search_with_empty_query" time="0.100" /><testcase classname="backend.tests.test_iteration39_widget.TestWidgetSearch" name="test_search_result_structure" time="0.102" /><testcase classname="backend.tests.test_iteration39_widget.TestWidgetArticle" name="test_get_nonexistent_article" time="0.140" /><testcase classname="backend.tests.test_iteration39_widget.TestWidgetArticle" name="test_get_article_structure" time="0.231" /><testcase classname="backend.tests.test_iteration39_widget.TestWidgetDocument" name="test_get_nonexistent_document" time="0.098" /><testcase classname="backend.tests.test_iteration39_widget.TestWidgetDocument" name="test_get_document_preview_structure" time="0.204" /><testcase classname="backend.tests.test_iteration39_widget.TestWidgetCORS" name="test_cors_allowed_origin_powerd" time="0.008" /><testcase classname="backend.tests.test_iteration39_widget.TestWidgetCORS" name="test_cors_allowed_origin_cpv" time="0.008" /><testcase classname="backend.tests.test_iteration39_widget.TestWidgetCORS" name="test_cors_allowed_origin_lil_explorer" time="0.008" /><testcase classname="backend.tests.test_iteration39_widget.TestWidgetCORS" name="test_cors_disallowed_origin" time="0.007" /><testcase classname="backend.tests.test_iteration39_widget.TestWidgetCORS" name="test_cors_preflight_allowed_origin" time="0.002" /><testcase classname="backend.tests.test_iteration39_widget.TestWidgetDemo" name="test_demo_page_loads" time="0.097" /><testcase classname="backend.tests.test_iteration39_widget.TestWidgetDemo" name="test_embed_js_loads" time="0.105" /></testsuite></testsuites>