<?xml version="1.0" encoding="utf-8"?><testsuites name="pytest tests"><testsuite name="pytest" errors="0" failures="0" skipped="0" tests="11" time="1.711" timestamp="2026-03-05T15:10:29.247652+00:00" hostname="agent-env-f7333118-3b06-47aa-9747-678c0aeac776"><testcase classname="backend.tests.test_iteration13_category_tree.TestAuthentication" name="test_admin_login" time="0.452" /><testcase classname="backend.tests.test_iteration13_category_tree.TestCategoryHierarchy" name="test_get_all_categories" time="0.065" /><testcase classname="backend.tests.test_iteration13_category_tree.TestCategoryHierarchy" name="test_categories_have_parent_id_field" time="0.063" /><testcase classname="backend.tests.test_iteration13_category_tree.TestCategoryHierarchy" name="test_parent_child_relationship" time="0.062" /><testcase classname="backend.tests.test_iteration13_category_tree.TestCategoryHierarchy" name="test_create_hierarchical_categories" time="0.268" /><testcase classname="backend.tests.test_iteration13_category_tree.TestArticleMultiCategory" name="test_articles_have_category_ids_array" time="0.078" /><testcase classname="backend.tests.test_iteration13_category_tree.TestArticleMultiCategory" name="test_create_article_with_multiple_categories" time="0.269" /><testcase classname="backend.tests.test_iteration13_category_tree.TestArticleMultiCategory" name="test_filter_articles_by_category" time="0.190" /><testcase classname="backend.tests.test_iteration13_category_tree.TestArticlesByCategoryEndpoint" name="test_get_articles_by_category" time="0.119" /><testcase classname="backend.tests.test_iteration13_category_tree.TestTopViewedArticles" name="test_get_top_viewed" time="0.062" /><testcase classname="backend.tests.test_iteration13_category_tree.TestTagsAPI" name="test_get_all_tags" time="0.062" /></testsuite></testsuites>