<?xml version="1.0" encoding="utf-8"?><testsuites name="pytest tests"><testsuite name="pytest" errors="0" failures="0" skipped="0" tests="12" time="2.863" timestamp="2026-03-23T10:54:55.521237+00:00" hostname="agent-env-dd1d819a-216e-4441-9bbb-68c721c10e1f"><testcase classname="backend.tests.test_iteration29_pinnwand_ocr_search.TestAuthentication" name="test_login_success" time="0.401" /><testcase classname="backend.tests.test_iteration29_pinnwand_ocr_search.TestOCRService" name="test_ocr_status_available" time="0.376" /><testcase classname="backend.tests.test_iteration29_pinnwand_ocr_search.TestOCRService" name="test_ocr_status_has_message" time="0.043" /><testcase classname="backend.tests.test_iteration29_pinnwand_ocr_search.TestQuickSearchAPI" name="test_articles_search_endpoint_exists" time="0.372" /><testcase classname="backend.tests.test_iteration29_pinnwand_ocr_search.TestQuickSearchAPI" name="test_articles_search_with_query" time="0.141" /><testcase classname="backend.tests.test_iteration29_pinnwand_ocr_search.TestQuickSearchAPI" name="test_documents_search_endpoint" time="0.045" /><testcase classname="backend.tests.test_iteration29_pinnwand_ocr_search.TestQuickSearchAPI" name="test_categories_endpoint_for_search" time="0.046" /><testcase classname="backend.tests.test_iteration29_pinnwand_ocr_search.TestPinnwandCategories" name="test_pinnwand_articles_endpoint" time="0.388" /><testcase classname="backend.tests.test_iteration29_pinnwand_ocr_search.TestPinnwandCategories" name="test_categories_have_is_pinnwand_field" time="0.063" /><testcase classname="backend.tests.test_iteration29_pinnwand_ocr_search.TestPinnwandCategories" name="test_create_pinnwand_category_and_article" time="0.232" /><testcase classname="backend.tests.test_iteration29_pinnwand_ocr_search.TestPinnwandCategories" name="test_pinnwand_category_name_format" time="0.277" /><testcase classname="backend.tests.test_iteration29_pinnwand_ocr_search.TestStatsEndpoint" name="test_stats_endpoint" time="0.454" /></testsuite></testsuites>