<?xml version="1.0" encoding="utf-8"?><testsuites name="pytest tests"><testsuite name="pytest" errors="0" failures="0" skipped="0" tests="16" time="1.375" timestamp="2026-03-23T10:02:31.030234+00:00" hostname="agent-env-dd1d819a-216e-4441-9bbb-68c721c10e1f"><testcase classname="backend.tests.test_iteration28_pinnwand_groups.TestAuth" name="test_login_success" time="0.410" /><testcase classname="backend.tests.test_iteration28_pinnwand_groups.TestCategoriesPinnwand" name="test_get_categories" time="0.049" /><testcase classname="backend.tests.test_iteration28_pinnwand_groups.TestCategoriesPinnwand" name="test_create_pinnwand_category" time="0.051" /><testcase classname="backend.tests.test_iteration28_pinnwand_groups.TestCategoriesPinnwand" name="test_get_pinnwand_articles_endpoint" time="0.056" /><testcase classname="backend.tests.test_iteration28_pinnwand_groups.TestCategoriesPinnwand" name="test_pinnwand_articles_only_from_pinnwand_categories" time="0.097" /><testcase classname="backend.tests.test_iteration28_pinnwand_groups.TestCategoriesPinnwand" name="test_update_category_pinnwand_flag" time="0.052" /><testcase classname="backend.tests.test_iteration28_pinnwand_groups.TestCategoriesPinnwand" name="test_cleanup_test_category" time="0.058" /><testcase classname="backend.tests.test_iteration28_pinnwand_groups.TestGroupsMention" name="test_groups_search_mention_endpoint" time="0.051" /><testcase classname="backend.tests.test_iteration28_pinnwand_groups.TestGroupsMention" name="test_groups_search_mention_with_query" time="0.046" /><testcase classname="backend.tests.test_iteration28_pinnwand_groups.TestGroupsMention" name="test_groups_search_mention_returns_member_count" time="0.120" /><testcase classname="backend.tests.test_iteration28_pinnwand_groups.TestGroupsMention" name="test_groups_search_mention_limit" time="0.048" /><testcase classname="backend.tests.test_iteration28_pinnwand_groups.TestGroupsMention" name="test_cleanup_test_group" time="0.048" /><testcase classname="backend.tests.test_iteration28_pinnwand_groups.TestStatsEndpoint" name="test_stats_endpoint" time="0.062" /><testcase classname="backend.tests.test_iteration28_pinnwand_groups.TestStatsEndpoint" name="test_stats_has_favorite_articles" time="0.077" /><testcase classname="backend.tests.test_iteration28_pinnwand_groups.TestStatsEndpoint" name="test_stats_has_recently_viewed" time="0.063" /><testcase classname="backend.tests.test_iteration28_pinnwand_groups.TestStatsEndpoint" name="test_stats_has_recent_articles" time="0.062" /></testsuite></testsuites>