<?xml version="1.0" encoding="utf-8"?><testsuites name="pytest tests"><testsuite name="pytest" errors="0" failures="0" skipped="3" tests="20" time="12.249" timestamp="2026-03-16T13:35:58.172482+00:00" hostname="agent-env-17fb9683-9ac2-45e0-b501-4b61daf8d9c4"><testcase classname="backend.tests.test_iteration18_multiformat_docs.TestDocumentUploadMultiFormat" name="test_get_documents_list" time="0.588" /><testcase classname="backend.tests.test_iteration18_multiformat_docs.TestDocumentUploadMultiFormat" name="test_existing_csv_document" time="0.068" /><testcase classname="backend.tests.test_iteration18_multiformat_docs.TestDocumentUploadMultiFormat" name="test_existing_docx_document" time="0.067" /><testcase classname="backend.tests.test_iteration18_multiformat_docs.TestDocumentUploadMultiFormat" name="test_get_document_content_csv" time="0.129" /><testcase classname="backend.tests.test_iteration18_multiformat_docs.TestDocumentUploadMultiFormat" name="test_get_document_content_docx" time="0.132" /><testcase classname="backend.tests.test_iteration18_multiformat_docs.TestDocumentUploadMultiFormat" name="test_get_document_file_pdf" time="0.069"><skipped type="pytest.skip" message="No completed PDF documents found">/app/backend/tests/test_iteration18_multiformat_docs.py:127: No completed PDF documents found</skipped></testcase><testcase classname="backend.tests.test_iteration18_multiformat_docs.TestDocumentUploadMultiFormat" name="test_get_document_file_csv" time="0.123" /><testcase classname="backend.tests.test_iteration18_multiformat_docs.TestDocumentUploadValidation" name="test_upload_unsupported_file_type" time="0.162" /><testcase classname="backend.tests.test_iteration18_multiformat_docs.TestDocumentUploadValidation" name="test_upload_txt_file" time="2.282" /><testcase classname="backend.tests.test_iteration18_multiformat_docs.TestDocumentUploadValidation" name="test_upload_csv_file" time="3.287" /><testcase classname="backend.tests.test_iteration18_multiformat_docs.TestDocumentContentExtraction" name="test_csv_table_structure" time="0.063" /><testcase classname="backend.tests.test_iteration18_multiformat_docs.TestDocumentContentExtraction" name="test_docx_headings_extraction" time="0.070" /><testcase classname="backend.tests.test_iteration18_multiformat_docs.TestDocumentContentExtraction" name="test_pdf_page_markers" time="0.064"><skipped type="pytest.skip" message="No completed PDF documents found">/app/backend/tests/test_iteration18_multiformat_docs.py:281: No completed PDF documents found</skipped></testcase><testcase classname="backend.tests.test_iteration18_multiformat_docs.TestDocumentWithFolders" name="test_upload_to_folder" time="2.369" /><testcase classname="backend.tests.test_iteration18_multiformat_docs.TestDocumentErrors" name="test_get_nonexistent_document" time="0.057" /><testcase classname="backend.tests.test_iteration18_multiformat_docs.TestDocumentErrors" name="test_get_content_processing_document" time="0.063"><skipped type="pytest.skip" message="Upload failed">/app/backend/tests/test_iteration18_multiformat_docs.py:365: Upload failed</skipped></testcase><testcase classname="backend.tests.test_iteration18_multiformat_docs.TestDocumentErrors" name="test_document_without_auth" time="0.157" /><testcase classname="backend.tests.test_iteration18_multiformat_docs.TestSupportedExtensions" name="test_all_supported_extensions_listed" time="0.066" /><testcase classname="backend.tests.test_iteration18_multiformat_docs.TestSupportedExtensions" name="test_txt_extension_upload" time="1.196" /><testcase classname="backend.tests.test_iteration18_multiformat_docs.TestSupportedExtensions" name="test_csv_extension_upload" time="1.190" /></testsuite></testsuites>