<?xml version="1.0" encoding="utf-8"?><testsuites name="pytest tests"><testsuite name="pytest" errors="0" failures="0" skipped="0" tests="14" time="1.853" timestamp="2026-03-16T15:40:23.669038+00:00" hostname="agent-env-960cedc8-38f8-4bd1-a4f3-45723f663daa"><testcase classname="tests.test_iteration21_google_drive.TestGoogleDriveStatus" name="test_drive_status_returns_connection_state" time="0.466" /><testcase classname="tests.test_iteration21_google_drive.TestGoogleDriveStatus" name="test_drive_status_requires_auth" time="0.125" /><testcase classname="tests.test_iteration21_google_drive.TestGoogleDriveConnect" name="test_drive_connect_returns_authorization_url" time="0.064" /><testcase classname="tests.test_iteration21_google_drive.TestGoogleDriveConnect" name="test_drive_connect_includes_callback_uri" time="0.059" /><testcase classname="tests.test_iteration21_google_drive.TestGoogleDriveConnect" name="test_drive_connect_requires_auth" time="0.164" /><testcase classname="tests.test_iteration21_google_drive.TestGoogleDriveFiles" name="test_drive_files_when_not_connected" time="0.112" /><testcase classname="tests.test_iteration21_google_drive.TestGoogleDriveFiles" name="test_drive_folders_when_not_connected" time="0.124" /><testcase classname="tests.test_iteration21_google_drive.TestGoogleDriveExport" name="test_drive_export_when_not_connected" time="0.177" /><testcase classname="tests.test_iteration21_google_drive.TestArticleExport" name="test_export_pdf_works" time="0.116" /><testcase classname="tests.test_iteration21_google_drive.TestArticleExport" name="test_export_docx_works" time="0.130" /><testcase classname="tests.test_iteration21_google_drive.TestArticleExport" name="test_export_pdf_requires_auth" time="0.115" /><testcase classname="tests.test_iteration21_google_drive.TestArticleExport" name="test_export_nonexistent_article" time="0.069" /><testcase classname="tests.test_iteration21_google_drive.TestDocumentUpload" name="test_document_upload_endpoint_exists" time="0.055" /><testcase classname="tests.test_iteration21_google_drive.TestDocumentUpload" name="test_document_folders_endpoint_works" time="0.055" /></testsuite></testsuites>