<?xml version="1.0" encoding="utf-8"?><testsuites name="pytest tests"><testsuite name="pytest" errors="0" failures="0" skipped="0" tests="10" time="3.502" timestamp="2026-03-31T08:35:16.757765+00:00" hostname="agent-env-5260f003-83b6-407b-9f0e-308f370cef4e"><testcase classname="tests.test_iteration42_help_stats.TestHealthAndAuth" name="test_health_endpoint" time="0.118" /><testcase classname="tests.test_iteration42_help_stats.TestHealthAndAuth" name="test_admin_login" time="0.345" /><testcase classname="tests.test_iteration42_help_stats.TestHealthAndAuth" name="test_editor_login" time="0.327" /><testcase classname="tests.test_iteration42_help_stats.TestStatsAPIVisibility" name="test_stats_endpoint_returns_expected_fields" time="0.399" /><testcase classname="tests.test_iteration42_help_stats.TestStatsAPIVisibility" name="test_stats_expiring_articles_structure" time="0.386" /><testcase classname="tests.test_iteration42_help_stats.TestStatsAPIVisibility" name="test_stats_expired_articles_structure" time="0.388" /><testcase classname="tests.test_iteration42_help_stats.TestStatsAPIVisibility" name="test_stats_my_drafts_field" time="0.389" /><testcase classname="tests.test_iteration42_help_stats.TestStatsAPIVisibility" name="test_editor_stats_access" time="0.369" /><testcase classname="tests.test_iteration42_help_stats.TestFavoritesAndPinnwand" name="test_favorites_endpoint" time="0.364" /><testcase classname="tests.test_iteration42_help_stats.TestFavoritesAndPinnwand" name="test_pinnwand_endpoint" time="0.381" /></testsuite></testsuites>