<?xml version="1.0" encoding="utf-8"?><testsuites name="pytest tests"><testsuite name="pytest" errors="0" failures="0" skipped="0" tests="23" time="5.059" timestamp="2026-03-04T14:43:04.029528+00:00" hostname="agent-env-64c89911-e7ed-4824-a484-7d75ef43301f"><testcase classname="backend.tests.test_iteration10_backup_export.TestBackupPreview" name="test_preview_as_admin" time="0.532" /><testcase classname="backend.tests.test_iteration10_backup_export.TestBackupPreview" name="test_preview_as_viewer_forbidden" time="0.711" /><testcase classname="backend.tests.test_iteration10_backup_export.TestBackupPreview" name="test_preview_without_auth" time="0.107" /><testcase classname="backend.tests.test_iteration10_backup_export.TestBackupExport" name="test_export_as_admin" time="0.126" /><testcase classname="backend.tests.test_iteration10_backup_export.TestBackupExport" name="test_export_as_viewer_forbidden" time="0.059" /><testcase classname="backend.tests.test_iteration10_backup_export.TestBackupExport" name="test_export_without_auth" time="0.127" /><testcase classname="backend.tests.test_iteration10_backup_export.TestBackupImport" name="test_import_with_valid_backup_merge_mode" time="0.195" /><testcase classname="backend.tests.test_iteration10_backup_export.TestBackupImport" name="test_import_invalid_format" time="0.050" /><testcase classname="backend.tests.test_iteration10_backup_export.TestBackupImport" name="test_import_as_viewer_forbidden" time="0.073" /><testcase classname="backend.tests.test_iteration10_backup_export.TestBackupImport" name="test_import_without_auth" time="0.151" /><testcase classname="backend.tests.test_iteration10_backup_export.TestBackupImport" name="test_import_user_with_temp_password" time="0.720" /><testcase classname="backend.tests.test_iteration10_backup_export.TestPDFExport" name="test_export_pdf_existing_article" time="0.280" /><testcase classname="backend.tests.test_iteration10_backup_export.TestPDFExport" name="test_export_pdf_with_provided_article" time="0.065" /><testcase classname="backend.tests.test_iteration10_backup_export.TestPDFExport" name="test_export_pdf_nonexistent_article" time="0.062" /><testcase classname="backend.tests.test_iteration10_backup_export.TestPDFExport" name="test_export_pdf_requires_auth" time="0.113" /><testcase classname="backend.tests.test_iteration10_backup_export.TestPDFExport" name="test_export_pdf_as_viewer" time="0.172" /><testcase classname="backend.tests.test_iteration10_backup_export.TestDocxExport" name="test_export_docx_existing_article" time="0.218" /><testcase classname="backend.tests.test_iteration10_backup_export.TestDocxExport" name="test_export_docx_with_provided_article" time="0.075" /><testcase classname="backend.tests.test_iteration10_backup_export.TestDocxExport" name="test_export_docx_nonexistent_article" time="0.051" /><testcase classname="backend.tests.test_iteration10_backup_export.TestDocxExport" name="test_export_docx_requires_auth" time="0.112" /><testcase classname="backend.tests.test_iteration10_backup_export.TestDocxExport" name="test_export_docx_as_viewer" time="0.200" /><testcase classname="backend.tests.test_iteration10_backup_export.TestBackupWorkflow" name="test_full_backup_export_import_cycle" time="0.494" /><testcase classname="backend.tests.test_iteration10_backup_export.TestExportFormats" name="test_export_both_formats_same_article" time="0.336" /></testsuite></testsuites>