<?xml version="1.0" encoding="utf-8"?><testsuites name="pytest tests"><testsuite name="pytest" errors="0" failures="0" skipped="0" tests="13" time="3.076" timestamp="2026-03-16T11:31:17.776332+00:00" hostname="agent-env-17fb9683-9ac2-45e0-b501-4b61daf8d9c4"><testcase classname="backend.tests.test_iteration15_pdf_import.TestPDFToHTMLConversion" name="test_convert_pdf_to_html_success" time="1.597" /><testcase classname="backend.tests.test_iteration15_pdf_import.TestPDFToHTMLConversion" name="test_convert_pdf_returns_formatted_content" time="0.417" /><testcase classname="backend.tests.test_iteration15_pdf_import.TestPDFToHTMLConversion" name="test_convert_nonexistent_document" time="0.058" /><testcase classname="backend.tests.test_iteration15_pdf_import.TestPDFToHTMLConversion" name="test_convert_requires_authentication" time="0.147" /><testcase classname="backend.tests.test_iteration15_pdf_import.TestDocumentMove" name="test_move_document_to_folder" time="0.172" /><testcase classname="backend.tests.test_iteration15_pdf_import.TestDocumentMove" name="test_move_document_to_root" time="0.104" /><testcase classname="backend.tests.test_iteration15_pdf_import.TestDocumentMove" name="test_move_nonexistent_document" time="0.120" /><testcase classname="backend.tests.test_iteration15_pdf_import.TestDocumentMove" name="test_move_to_nonexistent_folder" time="0.070" /><testcase classname="backend.tests.test_iteration15_pdf_import.TestDocumentListing" name="test_list_documents" time="0.053" /><testcase classname="backend.tests.test_iteration15_pdf_import.TestDocumentListing" name="test_get_single_document" time="0.065" /><testcase classname="backend.tests.test_iteration15_pdf_import.TestDocumentListing" name="test_get_nonexistent_document" time="0.049" /><testcase classname="backend.tests.test_iteration15_pdf_import.TestDocumentFolders" name="test_list_folders" time="0.053" /><testcase classname="backend.tests.test_iteration15_pdf_import.TestDocumentFolders" name="test_create_folder" time="0.134" /></testsuite></testsuites>