<?xml version="1.0" encoding="utf-8"?><testsuites name="pytest tests"><testsuite name="pytest" errors="0" failures="0" skipped="0" tests="15" time="5.825" timestamp="2026-03-25T10:41:16.529631+00:00" hostname="agent-env-56ee8fe6-24b5-4245-839d-f99bee2c3a52"><testcase classname="backend.tests.test_iteration35_reading_assignments.TestReadingAssignmentsAPI" name="test_01_health_check" time="0.233" /><testcase classname="backend.tests.test_iteration35_reading_assignments.TestReadingAssignmentsAPI" name="test_02_admin_login" time="0.351" /><testcase classname="backend.tests.test_iteration35_reading_assignments.TestReadingAssignmentsAPI" name="test_03_get_users_list" time="0.370" /><testcase classname="backend.tests.test_iteration35_reading_assignments.TestReadingAssignmentsAPI" name="test_04_get_groups_list" time="0.396" /><testcase classname="backend.tests.test_iteration35_reading_assignments.TestReadingAssignmentsAPI" name="test_05_get_my_assignments_empty" time="0.369" /><testcase classname="backend.tests.test_iteration35_reading_assignments.TestReadingAssignmentsAPI" name="test_06_get_reading_status_no_assignment" time="0.372" /><testcase classname="backend.tests.test_iteration35_reading_assignments.TestReadingAssignmentsAPI" name="test_07_create_reading_assignment" time="0.498" /><testcase classname="backend.tests.test_iteration35_reading_assignments.TestReadingAssignmentsAPI" name="test_08_get_reading_status_with_assignment" time="0.366" /><testcase classname="backend.tests.test_iteration35_reading_assignments.TestReadingAssignmentsAPI" name="test_09_get_my_assignments_with_data" time="0.375" /><testcase classname="backend.tests.test_iteration35_reading_assignments.TestReadingAssignmentsAPI" name="test_10_mark_as_read" time="0.483" /><testcase classname="backend.tests.test_iteration35_reading_assignments.TestReadingAssignmentsAPI" name="test_11_mark_as_unread" time="0.414" /><testcase classname="backend.tests.test_iteration35_reading_assignments.TestReadingAssignmentsAPI" name="test_12_delete_reading_assignment" time="0.371" /><testcase classname="backend.tests.test_iteration35_reading_assignments.TestReadingAssignmentsAPI" name="test_13_get_all_reading_status_for_article" time="0.374" /><testcase classname="backend.tests.test_iteration35_reading_assignments.TestReadingAssignmentsAPI" name="test_14_cleanup_test_article" time="0.438" /><testcase classname="backend.tests.test_iteration35_reading_assignments.TestEditorLogin" name="test_editor_login_attempt" time="0.377" /></testsuite></testsuites>