<?xml version="1.0" encoding="utf-8"?><testsuites name="pytest tests"><testsuite name="pytest" errors="0" failures="0" skipped="0" tests="10" time="2.049" timestamp="2026-03-25T08:32:46.858149+00:00" hostname="agent-env-00841f1a-a480-4ded-bba4-77c19bae6a02"><testcase classname="backend.tests.test_category_crud.TestCategoryEndpoints" name="test_get_categories_authenticated" time="0.415" /><testcase classname="backend.tests.test_category_crud.TestCategoryEndpoints" name="test_create_category_admin" time="0.102" /><testcase classname="backend.tests.test_category_crud.TestCategoryEndpoints" name="test_create_category_with_pinnwand" time="0.098" /><testcase classname="backend.tests.test_category_crud.TestCategoryEndpoints" name="test_create_subcategory" time="0.202" /><testcase classname="backend.tests.test_category_crud.TestCategoryEndpoints" name="test_update_category" time="0.150" /><testcase classname="backend.tests.test_category_crud.TestCategoryEndpoints" name="test_delete_category" time="0.145" /><testcase classname="backend.tests.test_category_crud.TestCategoryPermissions" name="test_editor_can_create_category_bug" time="0.776" /><testcase classname="backend.tests.test_category_crud.TestCategoryPermissions" name="test_editor_can_view_categories" time="0.046" /><testcase classname="backend.tests.test_category_crud.TestPinnwandVisibility" name="test_admin_sees_pinnwand_categories" time="0.048" /><testcase classname="backend.tests.test_category_crud.TestPinnwandVisibility" name="test_editor_categories_response" time="0.046" /></testsuite></testsuites>