<?xml version="1.0" encoding="utf-8"?><testsuites name="pytest tests"><testsuite name="pytest" errors="0" failures="0" skipped="0" tests="15" time="3.002" timestamp="2026-03-27T08:54:49.221037+00:00" hostname="agent-env-b63b092e-5a7d-401c-ba59-aa3989b0b6d7"><testcase classname="backend.tests.test_iteration36_phase1_features.TestAuthentication" name="test_admin_login" time="0.365" /><testcase classname="backend.tests.test_iteration36_phase1_features.TestAuthentication" name="test_editor_login" time="0.351" /><testcase classname="backend.tests.test_iteration36_phase1_features.TestStatsEndpoint" name="test_stats_returns_expired_articles" time="0.415" /><testcase classname="backend.tests.test_iteration36_phase1_features.TestStatsEndpoint" name="test_stats_expired_articles_have_days_expired" time="0.084" /><testcase classname="backend.tests.test_iteration36_phase1_features.TestDismissExpiredEndpoint" name="test_dismiss_expired_endpoint_exists" time="0.054" /><testcase classname="backend.tests.test_iteration36_phase1_features.TestDismissExpiredEndpoint" name="test_dismiss_expired_with_article_ids" time="0.059" /><testcase classname="backend.tests.test_iteration36_phase1_features.TestArticleMultipleContactPersons" name="test_create_article_with_multiple_contact_persons" time="0.231" /><testcase classname="backend.tests.test_iteration36_phase1_features.TestArticleEditPermissions" name="test_create_article_with_edit_permissions" time="0.274" /><testcase classname="backend.tests.test_iteration36_phase1_features.TestReadingAssignmentEmailOption" name="test_reading_assignment_send_email_field" time="0.284" /><testcase classname="backend.tests.test_iteration36_phase1_features.TestUserDeletionWithTransfer" name="test_get_user_article_count" time="0.119" /><testcase classname="backend.tests.test_iteration36_phase1_features.TestUserDeletionWithTransfer" name="test_delete_user_requires_transfer_if_has_articles" time="0.344" /><testcase classname="backend.tests.test_iteration36_phase1_features.TestPinnwandCategories" name="test_categories_have_is_pinnwand_field" time="0.055" /><testcase classname="backend.tests.test_iteration36_phase1_features.TestPinnwandCategories" name="test_pinnwand_articles_endpoint" time="0.064" /><testcase classname="backend.tests.test_iteration36_phase1_features.TestVersionHistory" name="test_version_history_endpoint" time="0.117" /><testcase classname="backend.tests.test_iteration36_phase1_features.TestArticleModels" name="test_article_has_all_phase1_fields" time="0.163" /></testsuite></testsuites>