<?xml version="1.0" encoding="utf-8"?><testsuites name="pytest tests"><testsuite name="pytest" errors="0" failures="0" skipped="0" tests="9" time="1.522" timestamp="2026-03-31T08:10:03.686985+00:00" hostname="agent-env-5260f003-83b6-407b-9f0e-308f370cef4e"><testcase classname="backend.tests.test_stats_features.TestStatsAPI" name="test_stats_endpoint_returns_200" time="0.497" /><testcase classname="backend.tests.test_stats_features.TestStatsAPI" name="test_stats_contains_my_drafts_field" time="0.068" /><testcase classname="backend.tests.test_stats_features.TestStatsAPI" name="test_stats_contains_expiring_articles_field" time="0.075" /><testcase classname="backend.tests.test_stats_features.TestStatsAPI" name="test_stats_contains_expired_articles_field" time="0.076" /><testcase classname="backend.tests.test_stats_features.TestStatsAPI" name="test_my_drafts_only_contains_user_drafts" time="0.074" /><testcase classname="backend.tests.test_stats_features.TestStatsAPI" name="test_editor_can_see_stats" time="0.371" /><testcase classname="backend.tests.test_stats_features.TestStatsAPI" name="test_expiring_articles_visible_to_editor" time="0.140" /><testcase classname="backend.tests.test_stats_features.TestStatsAPI" name="test_expired_articles_visible_to_editor" time="0.117" /><testcase classname="backend.tests.test_stats_features.TestStatsAPI" name="test_stats_response_structure" time="0.074" /></testsuite></testsuites>