<?xml version="1.0" encoding="utf-8"?><testsuites name="pytest tests"><testsuite name="pytest" errors="0" failures="0" skipped="0" tests="19" time="4.584" timestamp="2026-03-05T14:14:53.511705+00:00" hostname="agent-env-64c89911-e7ed-4824-a484-7d75ef43301f"><testcase classname="backend.tests.test_iteration12_features.TestAuthentication" name="test_admin_login" time="0.583" /><testcase classname="backend.tests.test_iteration12_features.TestGroupsAPI" name="test_get_groups" time="0.386" /><testcase classname="backend.tests.test_iteration12_features.TestGroupsAPI" name="test_create_group_admin_only" time="0.112" /><testcase classname="backend.tests.test_iteration12_features.TestGroupsAPI" name="test_create_duplicate_group_fails" time="0.161" /><testcase classname="backend.tests.test_iteration12_features.TestGroupsAPI" name="test_delete_group" time="0.174" /><testcase classname="backend.tests.test_iteration12_features.TestGroupsAPI" name="test_update_user_groups" time="0.253" /><testcase classname="backend.tests.test_iteration12_features.TestGroupsAPI" name="test_get_group_members" time="0.116" /><testcase classname="backend.tests.test_iteration12_features.TestTagsAPI" name="test_get_tags" time="0.388" /><testcase classname="backend.tests.test_iteration12_features.TestArticlesWithNewFeatures" name="test_create_article_with_multiple_categories" time="0.491" /><testcase classname="backend.tests.test_iteration12_features.TestArticlesWithNewFeatures" name="test_create_article_with_expiry_date" time="0.113" /><testcase classname="backend.tests.test_iteration12_features.TestArticlesWithNewFeatures" name="test_create_article_with_important_marking" time="0.097" /><testcase classname="backend.tests.test_iteration12_features.TestArticlesWithNewFeatures" name="test_create_article_with_group_visibility" time="0.160" /><testcase classname="backend.tests.test_iteration12_features.TestArticlesWithNewFeatures" name="test_create_article_with_tags" time="0.103" /><testcase classname="backend.tests.test_iteration12_features.TestArticlesWithNewFeatures" name="test_draft_visibility_admin_sees_all" time="0.208" /><testcase classname="backend.tests.test_iteration12_features.TestArticlesFiltering" name="test_get_articles_no_filter" time="0.461" /><testcase classname="backend.tests.test_iteration12_features.TestArticlesFiltering" name="test_get_articles_by_status" time="0.072" /><testcase classname="backend.tests.test_iteration12_features.TestArticlesFiltering" name="test_get_articles_by_category" time="0.143" /><testcase classname="backend.tests.test_iteration12_features.TestCleanup" name="test_cleanup_test_groups" time="0.451" /><testcase classname="backend.tests.test_iteration12_features.TestCleanup" name="test_cleanup_test_articles" time="0.064" /></testsuite></testsuites>