<?xml version="1.0" encoding="utf-8"?><testsuites name="pytest tests"><testsuite name="pytest" errors="0" failures="0" skipped="0" tests="10" time="5.516" timestamp="2026-03-25T09:20:32.273675+00:00" hostname="agent-env-56ee8fe6-24b5-4245-839d-f99bee2c3a52"><testcase classname="backend.tests.test_iteration34_sort_preferences.TestSortPreferencesAPI" name="test_get_all_sort_preferences_admin" time="0.420" /><testcase classname="backend.tests.test_iteration34_sort_preferences.TestSortPreferencesAPI" name="test_get_all_sort_preferences_editor" time="0.369" /><testcase classname="backend.tests.test_iteration34_sort_preferences.TestSortPreferencesAPI" name="test_get_all_sort_preferences_unauthenticated" time="0.098" /><testcase classname="backend.tests.test_iteration34_sort_preferences.TestSortPreferencesAPI" name="test_get_sort_preference_for_category_no_custom" time="0.414" /><testcase classname="backend.tests.test_iteration34_sort_preferences.TestSortPreferencesAPI" name="test_put_sort_preference_create_new" time="0.614" /><testcase classname="backend.tests.test_iteration34_sort_preferences.TestSortPreferencesAPI" name="test_put_sort_preference_update_existing" time="0.600" /><testcase classname="backend.tests.test_iteration34_sort_preferences.TestSortPreferencesAPI" name="test_put_sort_preference_editor" time="0.827" /><testcase classname="backend.tests.test_iteration34_sort_preferences.TestSortPreferencesAPI" name="test_delete_sort_preference" time="0.642" /><testcase classname="backend.tests.test_iteration34_sort_preferences.TestSortPreferencesAPI" name="test_delete_sort_preference_nonexistent" time="0.369" /><testcase classname="backend.tests.test_iteration34_sort_preferences.TestSortPreferencesAPI" name="test_sort_preferences_per_user_isolation" time="1.142" /></testsuite></testsuites>